Error: bind EADDRNOTAVAIL 0.0.185.32:8080
    at listenOnPrimaryHandle (node:net:1989:18)
    at rr (node:internal/cluster/child:163:12)
    at Worker.<anonymous> (node:internal/cluster/child:113:7)
    at process.onInternalMessage (node:internal/cluster/utils:49:5)
    at process.emit (node:events:536:35)
    at emit (node:internal/child_process:950:14)
    at process.processTicksAndRejections (node:internal/process/task_queues:83:21)
Error: bind EADDRNOTAVAIL 0.0.185.32:8080
    at listenOnPrimaryHandle (node:net:1989:18)
    at rr (node:internal/cluster/child:163:12)
    at Worker.<anonymous> (node:internal/cluster/child:113:7)
    at process.onInternalMessage (node:internal/cluster/utils:49:5)
    at process.emit (node:events:536:35)
    at emit (node:internal/child_process:950:14)
    at process.processTicksAndRejections (node:internal/process/task_queues:83:21)
Error: bind EADDRNOTAVAIL 0.0.185.32:8080
    at listenOnPrimaryHandle (node:net:1989:18)
    at rr (node:internal/cluster/child:163:12)
    at Worker.<anonymous> (node:internal/cluster/child:113:7)
    at process.onInternalMessage (node:internal/cluster/utils:49:5)
    at process.emit (node:events:536:35)
    at emit (node:internal/child_process:950:14)
    at process.processTicksAndRejections (node:internal/process/task_queues:83:21)
Error: bind EADDRNOTAVAIL 0.0.185.32:8080
    at listenOnPrimaryHandle (node:net:1989:18)
    at rr (node:internal/cluster/child:163:12)
    at Worker.<anonymous> (node:internal/cluster/child:113:7)
    at process.onInternalMessage (node:internal/cluster/utils:49:5)
    at process.emit (node:events:536:35)
    at emit (node:internal/child_process:950:14)
    at process.processTicksAndRejections (node:internal/process/task_queues:83:21)
Error: bind EADDRNOTAVAIL 0.0.185.32:8080
    at listenOnPrimaryHandle (node:net:1989:18)
    at rr (node:internal/cluster/child:163:12)
    at Worker.<anonymous> (node:internal/cluster/child:113:7)
    at process.onInternalMessage (node:internal/cluster/utils:49:5)
    at process.emit (node:events:536:35)
    at emit (node:internal/child_process:950:14)
    at process.processTicksAndRejections (node:internal/process/task_queues:83:21)
Error: bind EADDRNOTAVAIL 0.0.185.32:8080
    at listenOnPrimaryHandle (node:net:1989:18)
    at rr (node:internal/cluster/child:163:12)
    at Worker.<anonymous> (node:internal/cluster/child:113:7)
    at process.onInternalMessage (node:internal/cluster/utils:49:5)
    at process.emit (node:events:536:35)
    at emit (node:internal/child_process:950:14)
    at process.processTicksAndRejections (node:internal/process/task_queues:83:21)
Error: bind EADDRNOTAVAIL 0.0.185.32:8080
    at listenOnPrimaryHandle (node:net:1989:18)
    at rr (node:internal/cluster/child:163:12)
    at Worker.<anonymous> (node:internal/cluster/child:113:7)
    at process.onInternalMessage (node:internal/cluster/utils:49:5)
    at process.emit (node:events:536:35)
    at emit (node:internal/child_process:950:14)
    at process.processTicksAndRejections (node:internal/process/task_queues:83:21)
Error: bind EADDRNOTAVAIL 0.0.185.32:8080
    at listenOnPrimaryHandle (node:net:1989:18)
    at rr (node:internal/cluster/child:163:12)
    at Worker.<anonymous> (node:internal/cluster/child:113:7)
    at process.onInternalMessage (node:internal/cluster/utils:49:5)
    at process.emit (node:events:536:35)
    at emit (node:internal/child_process:950:14)
    at process.processTicksAndRejections (node:internal/process/task_queues:83:21)
Error: bind EADDRNOTAVAIL 0.0.185.32:8080
    at listenOnPrimaryHandle (node:net:1989:18)
    at rr (node:internal/cluster/child:163:12)
    at Worker.<anonymous> (node:internal/cluster/child:113:7)
    at process.onInternalMessage (node:internal/cluster/utils:49:5)
    at process.emit (node:events:536:35)
    at emit (node:internal/child_process:950:14)
    at process.processTicksAndRejections (node:internal/process/task_queues:83:21)
Error: bind EADDRNOTAVAIL 0.0.185.32:8080
    at listenOnPrimaryHandle (node:net:1989:18)
    at rr (node:internal/cluster/child:163:12)
    at Worker.<anonymous> (node:internal/cluster/child:113:7)
    at process.onInternalMessage (node:internal/cluster/utils:49:5)
    at process.emit (node:events:536:35)
    at emit (node:internal/child_process:950:14)
    at process.processTicksAndRejections (node:internal/process/task_queues:83:21)
Error: bind EADDRNOTAVAIL 0.0.185.32:8080
    at listenOnPrimaryHandle (node:net:1989:18)
    at rr (node:internal/cluster/child:163:12)
    at Worker.<anonymous> (node:internal/cluster/child:113:7)
    at process.onInternalMessage (node:internal/cluster/utils:49:5)
    at process.emit (node:events:536:35)
    at emit (node:internal/child_process:950:14)
    at process.processTicksAndRejections (node:internal/process/task_queues:83:21)
Error: bind EADDRNOTAVAIL 0.0.185.32:8080
    at listenOnPrimaryHandle (node:net:1989:18)
    at rr (node:internal/cluster/child:163:12)
    at Worker.<anonymous> (node:internal/cluster/child:113:7)
    at process.onInternalMessage (node:internal/cluster/utils:49:5)
    at process.emit (node:events:536:35)
    at emit (node:internal/child_process:950:14)
    at process.processTicksAndRejections (node:internal/process/task_queues:83:21)
Error: bind EADDRNOTAVAIL 0.0.185.32:8080
    at listenOnPrimaryHandle (node:net:1989:18)
    at rr (node:internal/cluster/child:163:12)
    at Worker.<anonymous> (node:internal/cluster/child:113:7)
    at process.onInternalMessage (node:internal/cluster/utils:49:5)
    at process.emit (node:events:536:35)
    at emit (node:internal/child_process:950:14)
    at process.processTicksAndRejections (node:internal/process/task_queues:83:21)
Error: bind EADDRNOTAVAIL 0.0.185.32:8080
    at listenOnPrimaryHandle (node:net:1989:18)
    at rr (node:internal/cluster/child:163:12)
    at Worker.<anonymous> (node:internal/cluster/child:113:7)
    at process.onInternalMessage (node:internal/cluster/utils:49:5)
    at process.emit (node:events:536:35)
    at emit (node:internal/child_process:950:14)
    at process.processTicksAndRejections (node:internal/process/task_queues:83:21)
Error: bind EADDRNOTAVAIL 0.0.185.32:8080
    at listenOnPrimaryHandle (node:net:1989:18)
    at rr (node:internal/cluster/child:163:12)
    at Worker.<anonymous> (node:internal/cluster/child:113:7)
    at process.onInternalMessage (node:internal/cluster/utils:49:5)
    at process.emit (node:events:536:35)
    at emit (node:internal/child_process:950:14)
    at process.processTicksAndRejections (node:internal/process/task_queues:83:21)
Error: bind EADDRNOTAVAIL 0.0.185.32:8080
    at listenOnPrimaryHandle (node:net:1989:18)
    at rr (node:internal/cluster/child:163:12)
    at Worker.<anonymous> (node:internal/cluster/child:113:7)
    at process.onInternalMessage (node:internal/cluster/utils:49:5)
    at process.emit (node:events:536:35)
    at emit (node:internal/child_process:950:14)
    at process.processTicksAndRejections (node:internal/process/task_queues:83:21)
2025-11-12 20:37:44 +11:00: Error: listen EADDRNOTAVAIL: address not available 0.0.185.32:8080
2025-11-12 20:37:44 +11:00:     at Server.setupListenHandle [as _listen2] (node:net:1886:21)
2025-11-12 20:37:44 +11:00:     at listenInCluster (node:net:1965:12)
2025-11-12 20:37:44 +11:00:     at GetAddrInfoReqWrap.doListen [as callback] (node:net:2139:7)
2025-11-12 20:37:44 +11:00:     at GetAddrInfoReqWrap.onlookup [as oncomplete] (node:dns:111:8) {
2025-11-12 20:37:44 +11:00:   code: 'EADDRNOTAVAIL',
2025-11-12 20:37:44 +11:00:   errno: -49,
2025-11-12 20:37:44 +11:00:   syscall: 'listen',
2025-11-12 20:37:44 +11:00:   address: '0.0.185.32',
2025-11-12 20:37:44 +11:00:   port: 8080
2025-11-12 20:37:44 +11:00: }
2025-11-12 20:37:44 +11:00: Error: listen EADDRNOTAVAIL: address not available 0.0.185.32:8080
2025-11-12 20:37:44 +11:00:     at Server.setupListenHandle [as _listen2] (node:net:1886:21)
2025-11-12 20:37:44 +11:00:     at listenInCluster (node:net:1965:12)
2025-11-12 20:37:44 +11:00:     at GetAddrInfoReqWrap.doListen [as callback] (node:net:2139:7)
2025-11-12 20:37:44 +11:00:     at GetAddrInfoReqWrap.onlookup [as oncomplete] (node:dns:111:8) {
2025-11-12 20:37:44 +11:00:   code: 'EADDRNOTAVAIL',
2025-11-12 20:37:44 +11:00:   errno: -49,
2025-11-12 20:37:44 +11:00:   syscall: 'listen',
2025-11-12 20:37:44 +11:00:   address: '0.0.185.32',
2025-11-12 20:37:44 +11:00:   port: 8080
2025-11-12 20:37:44 +11:00: }
2025-11-12 20:37:45 +11:00: Error: listen EADDRNOTAVAIL: address not available 0.0.185.32:8080
2025-11-12 20:37:45 +11:00:     at Server.setupListenHandle [as _listen2] (node:net:1886:21)
2025-11-12 20:37:45 +11:00:     at listenInCluster (node:net:1965:12)
2025-11-12 20:37:45 +11:00:     at GetAddrInfoReqWrap.doListen [as callback] (node:net:2139:7)
2025-11-12 20:37:45 +11:00:     at GetAddrInfoReqWrap.onlookup [as oncomplete] (node:dns:111:8) {
2025-11-12 20:37:45 +11:00:   code: 'EADDRNOTAVAIL',
2025-11-12 20:37:45 +11:00:   errno: -49,
2025-11-12 20:37:45 +11:00:   syscall: 'listen',
2025-11-12 20:37:45 +11:00:   address: '0.0.185.32',
2025-11-12 20:37:45 +11:00:   port: 8080
2025-11-12 20:37:45 +11:00: }
2025-11-12 20:37:45 +11:00: Error: listen EADDRNOTAVAIL: address not available 0.0.185.32:8080
2025-11-12 20:37:45 +11:00:     at Server.setupListenHandle [as _listen2] (node:net:1886:21)
2025-11-12 20:37:45 +11:00:     at listenInCluster (node:net:1965:12)
2025-11-12 20:37:45 +11:00:     at GetAddrInfoReqWrap.doListen [as callback] (node:net:2139:7)
2025-11-12 20:37:45 +11:00:     at GetAddrInfoReqWrap.onlookup [as oncomplete] (node:dns:111:8) {
2025-11-12 20:37:45 +11:00:   code: 'EADDRNOTAVAIL',
2025-11-12 20:37:45 +11:00:   errno: -49,
2025-11-12 20:37:45 +11:00:   syscall: 'listen',
2025-11-12 20:37:45 +11:00:   address: '0.0.185.32',
2025-11-12 20:37:45 +11:00:   port: 8080
2025-11-12 20:37:45 +11:00: }
2025-11-12 20:37:45 +11:00: Error: listen EADDRNOTAVAIL: address not available 0.0.185.32:8080
2025-11-12 20:37:45 +11:00:     at Server.setupListenHandle [as _listen2] (node:net:1886:21)
2025-11-12 20:37:45 +11:00:     at listenInCluster (node:net:1965:12)
2025-11-12 20:37:45 +11:00:     at GetAddrInfoReqWrap.doListen [as callback] (node:net:2139:7)
2025-11-12 20:37:45 +11:00:     at GetAddrInfoReqWrap.onlookup [as oncomplete] (node:dns:111:8) {
2025-11-12 20:37:45 +11:00:   code: 'EADDRNOTAVAIL',
2025-11-12 20:37:45 +11:00:   errno: -49,
2025-11-12 20:37:45 +11:00:   syscall: 'listen',
2025-11-12 20:37:45 +11:00:   address: '0.0.185.32',
2025-11-12 20:37:45 +11:00:   port: 8080
2025-11-12 20:37:45 +11:00: }
2025-11-12 20:37:45 +11:00: Error: listen EADDRNOTAVAIL: address not available 0.0.185.32:8080
2025-11-12 20:37:45 +11:00:     at Server.setupListenHandle [as _listen2] (node:net:1886:21)
2025-11-12 20:37:45 +11:00:     at listenInCluster (node:net:1965:12)
2025-11-12 20:37:45 +11:00:     at GetAddrInfoReqWrap.doListen [as callback] (node:net:2139:7)
2025-11-12 20:37:45 +11:00:     at GetAddrInfoReqWrap.onlookup [as oncomplete] (node:dns:111:8) {
2025-11-12 20:37:45 +11:00:   code: 'EADDRNOTAVAIL',
2025-11-12 20:37:45 +11:00:   errno: -49,
2025-11-12 20:37:45 +11:00:   syscall: 'listen',
2025-11-12 20:37:45 +11:00:   address: '0.0.185.32',
2025-11-12 20:37:45 +11:00:   port: 8080
2025-11-12 20:37:45 +11:00: }
2025-11-12 20:37:45 +11:00: Error: listen EADDRNOTAVAIL: address not available 0.0.185.32:8080
2025-11-12 20:37:45 +11:00:     at Server.setupListenHandle [as _listen2] (node:net:1886:21)
2025-11-12 20:37:45 +11:00:     at listenInCluster (node:net:1965:12)
2025-11-12 20:37:45 +11:00:     at GetAddrInfoReqWrap.doListen [as callback] (node:net:2139:7)
2025-11-12 20:37:45 +11:00:     at GetAddrInfoReqWrap.onlookup [as oncomplete] (node:dns:111:8) {
2025-11-12 20:37:45 +11:00:   code: 'EADDRNOTAVAIL',
2025-11-12 20:37:45 +11:00:   errno: -49,
2025-11-12 20:37:45 +11:00:   syscall: 'listen',
2025-11-12 20:37:45 +11:00:   address: '0.0.185.32',
2025-11-12 20:37:45 +11:00:   port: 8080
2025-11-12 20:37:45 +11:00: }
2025-11-12 20:37:46 +11:00: Error: listen EADDRNOTAVAIL: address not available 0.0.185.32:8080
2025-11-12 20:37:46 +11:00:     at Server.setupListenHandle [as _listen2] (node:net:1886:21)
2025-11-12 20:37:46 +11:00:     at listenInCluster (node:net:1965:12)
2025-11-12 20:37:46 +11:00:     at GetAddrInfoReqWrap.doListen [as callback] (node:net:2139:7)
2025-11-12 20:37:46 +11:00:     at GetAddrInfoReqWrap.onlookup [as oncomplete] (node:dns:111:8) {
2025-11-12 20:37:46 +11:00:   code: 'EADDRNOTAVAIL',
2025-11-12 20:37:46 +11:00:   errno: -49,
2025-11-12 20:37:46 +11:00:   syscall: 'listen',
2025-11-12 20:37:46 +11:00:   address: '0.0.185.32',
2025-11-12 20:37:46 +11:00:   port: 8080
2025-11-12 20:37:46 +11:00: }
2025-11-12 20:37:46 +11:00: Error: listen EADDRNOTAVAIL: address not available 0.0.185.32:8080
2025-11-12 20:37:46 +11:00:     at Server.setupListenHandle [as _listen2] (node:net:1886:21)
2025-11-12 20:37:46 +11:00:     at listenInCluster (node:net:1965:12)
2025-11-12 20:37:46 +11:00:     at GetAddrInfoReqWrap.doListen [as callback] (node:net:2139:7)
2025-11-12 20:37:46 +11:00:     at GetAddrInfoReqWrap.onlookup [as oncomplete] (node:dns:111:8) {
2025-11-12 20:37:46 +11:00:   code: 'EADDRNOTAVAIL',
2025-11-12 20:37:46 +11:00:   errno: -49,
2025-11-12 20:37:46 +11:00:   syscall: 'listen',
2025-11-12 20:37:46 +11:00:   address: '0.0.185.32',
2025-11-12 20:37:46 +11:00:   port: 8080
2025-11-12 20:37:46 +11:00: }
2025-11-12 20:37:46 +11:00: Error: listen EADDRNOTAVAIL: address not available 0.0.185.32:8080
2025-11-12 20:37:46 +11:00:     at Server.setupListenHandle [as _listen2] (node:net:1886:21)
2025-11-12 20:37:46 +11:00:     at listenInCluster (node:net:1965:12)
2025-11-12 20:37:46 +11:00:     at GetAddrInfoReqWrap.doListen [as callback] (node:net:2139:7)
2025-11-12 20:37:46 +11:00:     at GetAddrInfoReqWrap.onlookup [as oncomplete] (node:dns:111:8) {
2025-11-12 20:37:46 +11:00:   code: 'EADDRNOTAVAIL',
2025-11-12 20:37:46 +11:00:   errno: -49,
2025-11-12 20:37:46 +11:00:   syscall: 'listen',
2025-11-12 20:37:46 +11:00:   address: '0.0.185.32',
2025-11-12 20:37:46 +11:00:   port: 8080
2025-11-12 20:37:46 +11:00: }
2025-11-12 20:37:46 +11:00: Error: listen EADDRNOTAVAIL: address not available 0.0.185.32:8080
2025-11-12 20:37:46 +11:00:     at Server.setupListenHandle [as _listen2] (node:net:1886:21)
2025-11-12 20:37:46 +11:00:     at listenInCluster (node:net:1965:12)
2025-11-12 20:37:46 +11:00:     at GetAddrInfoReqWrap.doListen [as callback] (node:net:2139:7)
2025-11-12 20:37:46 +11:00:     at GetAddrInfoReqWrap.onlookup [as oncomplete] (node:dns:111:8) {
2025-11-12 20:37:46 +11:00:   code: 'EADDRNOTAVAIL',
2025-11-12 20:37:46 +11:00:   errno: -49,
2025-11-12 20:37:46 +11:00:   syscall: 'listen',
2025-11-12 20:37:46 +11:00:   address: '0.0.185.32',
2025-11-12 20:37:46 +11:00:   port: 8080
2025-11-12 20:37:46 +11:00: }
2025-11-12 20:37:46 +11:00: Error: listen EADDRNOTAVAIL: address not available 0.0.185.32:8080
2025-11-12 20:37:46 +11:00:     at Server.setupListenHandle [as _listen2] (node:net:1886:21)
2025-11-12 20:37:46 +11:00:     at listenInCluster (node:net:1965:12)
2025-11-12 20:37:46 +11:00:     at GetAddrInfoReqWrap.doListen [as callback] (node:net:2139:7)
2025-11-12 20:37:46 +11:00:     at GetAddrInfoReqWrap.onlookup [as oncomplete] (node:dns:111:8) {
2025-11-12 20:37:46 +11:00:   code: 'EADDRNOTAVAIL',
2025-11-12 20:37:46 +11:00:   errno: -49,
2025-11-12 20:37:46 +11:00:   syscall: 'listen',
2025-11-12 20:37:46 +11:00:   address: '0.0.185.32',
2025-11-12 20:37:46 +11:00:   port: 8080
2025-11-12 20:37:46 +11:00: }
2025-11-12 20:37:46 +11:00: Error: listen EADDRNOTAVAIL: address not available 0.0.185.32:8080
2025-11-12 20:37:46 +11:00:     at Server.setupListenHandle [as _listen2] (node:net:1886:21)
2025-11-12 20:37:46 +11:00:     at listenInCluster (node:net:1965:12)
2025-11-12 20:37:46 +11:00:     at GetAddrInfoReqWrap.doListen [as callback] (node:net:2139:7)
2025-11-12 20:37:46 +11:00:     at GetAddrInfoReqWrap.onlookup [as oncomplete] (node:dns:111:8) {
2025-11-12 20:37:46 +11:00:   code: 'EADDRNOTAVAIL',
2025-11-12 20:37:46 +11:00:   errno: -49,
2025-11-12 20:37:46 +11:00:   syscall: 'listen',
2025-11-12 20:37:46 +11:00:   address: '0.0.185.32',
2025-11-12 20:37:46 +11:00:   port: 8080
2025-11-12 20:37:46 +11:00: }
2025-11-12 20:37:46 +11:00: Error: listen EADDRNOTAVAIL: address not available 0.0.185.32:8080
2025-11-12 20:37:46 +11:00:     at Server.setupListenHandle [as _listen2] (node:net:1886:21)
2025-11-12 20:37:46 +11:00:     at listenInCluster (node:net:1965:12)
2025-11-12 20:37:46 +11:00:     at GetAddrInfoReqWrap.doListen [as callback] (node:net:2139:7)
2025-11-12 20:37:46 +11:00:     at GetAddrInfoReqWrap.onlookup [as oncomplete] (node:dns:111:8) {
2025-11-12 20:37:46 +11:00:   code: 'EADDRNOTAVAIL',
2025-11-12 20:37:46 +11:00:   errno: -49,
2025-11-12 20:37:46 +11:00:   syscall: 'listen',
2025-11-12 20:37:46 +11:00:   address: '0.0.185.32',
2025-11-12 20:37:46 +11:00:   port: 8080
2025-11-12 20:37:46 +11:00: }
2025-11-12 20:37:47 +11:00: Error: listen EADDRNOTAVAIL: address not available 0.0.185.32:8080
2025-11-12 20:37:47 +11:00:     at Server.setupListenHandle [as _listen2] (node:net:1886:21)
2025-11-12 20:37:47 +11:00:     at listenInCluster (node:net:1965:12)
2025-11-12 20:37:47 +11:00:     at GetAddrInfoReqWrap.doListen [as callback] (node:net:2139:7)
2025-11-12 20:37:47 +11:00:     at GetAddrInfoReqWrap.onlookup [as oncomplete] (node:dns:111:8) {
2025-11-12 20:37:47 +11:00:   code: 'EADDRNOTAVAIL',
2025-11-12 20:37:47 +11:00:   errno: -49,
2025-11-12 20:37:47 +11:00:   syscall: 'listen',
2025-11-12 20:37:47 +11:00:   address: '0.0.185.32',
2025-11-12 20:37:47 +11:00:   port: 8080
2025-11-12 20:37:47 +11:00: }
2025-11-12 20:37:47 +11:00: Error: listen EADDRNOTAVAIL: address not available 0.0.185.32:8080
2025-11-12 20:37:47 +11:00:     at Server.setupListenHandle [as _listen2] (node:net:1886:21)
2025-11-12 20:37:47 +11:00:     at listenInCluster (node:net:1965:12)
2025-11-12 20:37:47 +11:00:     at GetAddrInfoReqWrap.doListen [as callback] (node:net:2139:7)
2025-11-12 20:37:47 +11:00:     at GetAddrInfoReqWrap.onlookup [as oncomplete] (node:dns:111:8) {
2025-11-12 20:37:47 +11:00:   code: 'EADDRNOTAVAIL',
2025-11-12 20:37:47 +11:00:   errno: -49,
2025-11-12 20:37:47 +11:00:   syscall: 'listen',
2025-11-12 20:37:47 +11:00:   address: '0.0.185.32',
2025-11-12 20:37:47 +11:00:   port: 8080
2025-11-12 20:37:47 +11:00: }
2025-11-12 20:38:25 +11:00: Error: listen EADDRNOTAVAIL: address not available 0.0.185.32:8080
2025-11-12 20:38:25 +11:00:     at Server.setupListenHandle [as _listen2] (node:net:1886:21)
2025-11-12 20:38:25 +11:00:     at listenInCluster (node:net:1965:12)
2025-11-12 20:38:25 +11:00:     at GetAddrInfoReqWrap.doListen [as callback] (node:net:2139:7)
2025-11-12 20:38:25 +11:00:     at GetAddrInfoReqWrap.onlookup [as oncomplete] (node:dns:111:8) {
2025-11-12 20:38:25 +11:00:   code: 'EADDRNOTAVAIL',
2025-11-12 20:38:25 +11:00:   errno: -49,
2025-11-12 20:38:25 +11:00:   syscall: 'listen',
2025-11-12 20:38:25 +11:00:   address: '0.0.185.32',
2025-11-12 20:38:25 +11:00:   port: 8080
2025-11-12 20:38:25 +11:00: }
2025-11-12 20:38:25 +11:00: Error: listen EADDRNOTAVAIL: address not available 0.0.185.32:8080
2025-11-12 20:38:25 +11:00:     at Server.setupListenHandle [as _listen2] (node:net:1886:21)
2025-11-12 20:38:25 +11:00:     at listenInCluster (node:net:1965:12)
2025-11-12 20:38:25 +11:00:     at GetAddrInfoReqWrap.doListen [as callback] (node:net:2139:7)
2025-11-12 20:38:25 +11:00:     at GetAddrInfoReqWrap.onlookup [as oncomplete] (node:dns:111:8) {
2025-11-12 20:38:25 +11:00:   code: 'EADDRNOTAVAIL',
2025-11-12 20:38:25 +11:00:   errno: -49,
2025-11-12 20:38:25 +11:00:   syscall: 'listen',
2025-11-12 20:38:25 +11:00:   address: '0.0.185.32',
2025-11-12 20:38:25 +11:00:   port: 8080
2025-11-12 20:38:25 +11:00: }
2025-11-12 20:38:26 +11:00: Error: listen EADDRNOTAVAIL: address not available 0.0.185.32:8080
2025-11-12 20:38:26 +11:00:     at Server.setupListenHandle [as _listen2] (node:net:1886:21)
2025-11-12 20:38:26 +11:00:     at listenInCluster (node:net:1965:12)
2025-11-12 20:38:26 +11:00:     at GetAddrInfoReqWrap.doListen [as callback] (node:net:2139:7)
2025-11-12 20:38:26 +11:00:     at GetAddrInfoReqWrap.onlookup [as oncomplete] (node:dns:111:8) {
2025-11-12 20:38:26 +11:00:   code: 'EADDRNOTAVAIL',
2025-11-12 20:38:26 +11:00:   errno: -49,
2025-11-12 20:38:26 +11:00:   syscall: 'listen',
2025-11-12 20:38:26 +11:00:   address: '0.0.185.32',
2025-11-12 20:38:26 +11:00:   port: 8080
2025-11-12 20:38:26 +11:00: }
2025-11-12 20:38:26 +11:00: Error: listen EADDRNOTAVAIL: address not available 0.0.185.32:8080
2025-11-12 20:38:26 +11:00:     at Server.setupListenHandle [as _listen2] (node:net:1886:21)
2025-11-12 20:38:26 +11:00:     at listenInCluster (node:net:1965:12)
2025-11-12 20:38:26 +11:00:     at GetAddrInfoReqWrap.doListen [as callback] (node:net:2139:7)
2025-11-12 20:38:26 +11:00:     at GetAddrInfoReqWrap.onlookup [as oncomplete] (node:dns:111:8) {
2025-11-12 20:38:26 +11:00:   code: 'EADDRNOTAVAIL',
2025-11-12 20:38:26 +11:00:   errno: -49,
2025-11-12 20:38:26 +11:00:   syscall: 'listen',
2025-11-12 20:38:26 +11:00:   address: '0.0.185.32',
2025-11-12 20:38:26 +11:00:   port: 8080
2025-11-12 20:38:26 +11:00: }
2025-11-12 20:38:26 +11:00: Error: listen EADDRNOTAVAIL: address not available 0.0.185.32:8080
2025-11-12 20:38:26 +11:00:     at Server.setupListenHandle [as _listen2] (node:net:1886:21)
2025-11-12 20:38:26 +11:00:     at listenInCluster (node:net:1965:12)
2025-11-12 20:38:26 +11:00:     at GetAddrInfoReqWrap.doListen [as callback] (node:net:2139:7)
2025-11-12 20:38:26 +11:00:     at GetAddrInfoReqWrap.onlookup [as oncomplete] (node:dns:111:8) {
2025-11-12 20:38:26 +11:00:   code: 'EADDRNOTAVAIL',
2025-11-12 20:38:26 +11:00:   errno: -49,
2025-11-12 20:38:26 +11:00:   syscall: 'listen',
2025-11-12 20:38:26 +11:00:   address: '0.0.185.32',
2025-11-12 20:38:26 +11:00:   port: 8080
2025-11-12 20:38:26 +11:00: }
2025-11-12 20:38:26 +11:00: Error: listen EADDRNOTAVAIL: address not available 0.0.185.32:8080
2025-11-12 20:38:26 +11:00:     at Server.setupListenHandle [as _listen2] (node:net:1886:21)
2025-11-12 20:38:26 +11:00:     at listenInCluster (node:net:1965:12)
2025-11-12 20:38:26 +11:00:     at GetAddrInfoReqWrap.doListen [as callback] (node:net:2139:7)
2025-11-12 20:38:26 +11:00:     at GetAddrInfoReqWrap.onlookup [as oncomplete] (node:dns:111:8) {
2025-11-12 20:38:26 +11:00:   code: 'EADDRNOTAVAIL',
2025-11-12 20:38:26 +11:00:   errno: -49,
2025-11-12 20:38:26 +11:00:   syscall: 'listen',
2025-11-12 20:38:26 +11:00:   address: '0.0.185.32',
2025-11-12 20:38:26 +11:00:   port: 8080
2025-11-12 20:38:26 +11:00: }
2025-11-12 20:38:26 +11:00: Error: listen EADDRNOTAVAIL: address not available 0.0.185.32:8080
2025-11-12 20:38:26 +11:00:     at Server.setupListenHandle [as _listen2] (node:net:1886:21)
2025-11-12 20:38:26 +11:00:     at listenInCluster (node:net:1965:12)
2025-11-12 20:38:26 +11:00:     at GetAddrInfoReqWrap.doListen [as callback] (node:net:2139:7)
2025-11-12 20:38:26 +11:00:     at GetAddrInfoReqWrap.onlookup [as oncomplete] (node:dns:111:8) {
2025-11-12 20:38:26 +11:00:   code: 'EADDRNOTAVAIL',
2025-11-12 20:38:26 +11:00:   errno: -49,
2025-11-12 20:38:26 +11:00:   syscall: 'listen',
2025-11-12 20:38:26 +11:00:   address: '0.0.185.32',
2025-11-12 20:38:26 +11:00:   port: 8080
2025-11-12 20:38:26 +11:00: }
2025-11-12 20:38:26 +11:00: Error: listen EADDRNOTAVAIL: address not available 0.0.185.32:8080
2025-11-12 20:38:26 +11:00:     at Server.setupListenHandle [as _listen2] (node:net:1886:21)
2025-11-12 20:38:26 +11:00:     at listenInCluster (node:net:1965:12)
2025-11-12 20:38:26 +11:00:     at GetAddrInfoReqWrap.doListen [as callback] (node:net:2139:7)
2025-11-12 20:38:26 +11:00:     at GetAddrInfoReqWrap.onlookup [as oncomplete] (node:dns:111:8) {
2025-11-12 20:38:26 +11:00:   code: 'EADDRNOTAVAIL',
2025-11-12 20:38:26 +11:00:   errno: -49,
2025-11-12 20:38:26 +11:00:   syscall: 'listen',
2025-11-12 20:38:26 +11:00:   address: '0.0.185.32',
2025-11-12 20:38:26 +11:00:   port: 8080
2025-11-12 20:38:26 +11:00: }
2025-11-12 20:38:26 +11:00: Error: listen EADDRNOTAVAIL: address not available 0.0.185.32:8080
2025-11-12 20:38:26 +11:00:     at Server.setupListenHandle [as _listen2] (node:net:1886:21)
2025-11-12 20:38:26 +11:00:     at listenInCluster (node:net:1965:12)
2025-11-12 20:38:26 +11:00:     at GetAddrInfoReqWrap.doListen [as callback] (node:net:2139:7)
2025-11-12 20:38:26 +11:00:     at GetAddrInfoReqWrap.onlookup [as oncomplete] (node:dns:111:8) {
2025-11-12 20:38:26 +11:00:   code: 'EADDRNOTAVAIL',
2025-11-12 20:38:26 +11:00:   errno: -49,
2025-11-12 20:38:26 +11:00:   syscall: 'listen',
2025-11-12 20:38:26 +11:00:   address: '0.0.185.32',
2025-11-12 20:38:26 +11:00:   port: 8080
2025-11-12 20:38:26 +11:00: }
2025-11-12 20:38:27 +11:00: Error: listen EADDRNOTAVAIL: address not available 0.0.185.32:8080
2025-11-12 20:38:27 +11:00:     at Server.setupListenHandle [as _listen2] (node:net:1886:21)
2025-11-12 20:38:27 +11:00:     at listenInCluster (node:net:1965:12)
2025-11-12 20:38:27 +11:00:     at GetAddrInfoReqWrap.doListen [as callback] (node:net:2139:7)
2025-11-12 20:38:27 +11:00:     at GetAddrInfoReqWrap.onlookup [as oncomplete] (node:dns:111:8) {
2025-11-12 20:38:27 +11:00:   code: 'EADDRNOTAVAIL',
2025-11-12 20:38:27 +11:00:   errno: -49,
2025-11-12 20:38:27 +11:00:   syscall: 'listen',
2025-11-12 20:38:27 +11:00:   address: '0.0.185.32',
2025-11-12 20:38:27 +11:00:   port: 8080
2025-11-12 20:38:27 +11:00: }
2025-11-12 20:38:27 +11:00: Error: listen EADDRNOTAVAIL: address not available 0.0.185.32:8080
2025-11-12 20:38:27 +11:00:     at Server.setupListenHandle [as _listen2] (node:net:1886:21)
2025-11-12 20:38:27 +11:00:     at listenInCluster (node:net:1965:12)
2025-11-12 20:38:27 +11:00:     at GetAddrInfoReqWrap.doListen [as callback] (node:net:2139:7)
2025-11-12 20:38:27 +11:00:     at GetAddrInfoReqWrap.onlookup [as oncomplete] (node:dns:111:8) {
2025-11-12 20:38:27 +11:00:   code: 'EADDRNOTAVAIL',
2025-11-12 20:38:27 +11:00:   errno: -49,
2025-11-12 20:38:27 +11:00:   syscall: 'listen',
2025-11-12 20:38:27 +11:00:   address: '0.0.185.32',
2025-11-12 20:38:27 +11:00:   port: 8080
2025-11-12 20:38:27 +11:00: }
2025-11-12 20:38:27 +11:00: Error: listen EADDRNOTAVAIL: address not available 0.0.185.32:8080
2025-11-12 20:38:27 +11:00:     at Server.setupListenHandle [as _listen2] (node:net:1886:21)
2025-11-12 20:38:27 +11:00:     at listenInCluster (node:net:1965:12)
2025-11-12 20:38:27 +11:00:     at GetAddrInfoReqWrap.doListen [as callback] (node:net:2139:7)
2025-11-12 20:38:27 +11:00:     at GetAddrInfoReqWrap.onlookup [as oncomplete] (node:dns:111:8) {
2025-11-12 20:38:27 +11:00:   code: 'EADDRNOTAVAIL',
2025-11-12 20:38:27 +11:00:   errno: -49,
2025-11-12 20:38:27 +11:00:   syscall: 'listen',
2025-11-12 20:38:27 +11:00:   address: '0.0.185.32',
2025-11-12 20:38:27 +11:00:   port: 8080
2025-11-12 20:38:27 +11:00: }
2025-11-12 20:38:27 +11:00: Error: listen EADDRNOTAVAIL: address not available 0.0.185.32:8080
2025-11-12 20:38:27 +11:00:     at Server.setupListenHandle [as _listen2] (node:net:1886:21)
2025-11-12 20:38:27 +11:00:     at listenInCluster (node:net:1965:12)
2025-11-12 20:38:27 +11:00:     at GetAddrInfoReqWrap.doListen [as callback] (node:net:2139:7)
2025-11-12 20:38:27 +11:00:     at GetAddrInfoReqWrap.onlookup [as oncomplete] (node:dns:111:8) {
2025-11-12 20:38:27 +11:00:   code: 'EADDRNOTAVAIL',
2025-11-12 20:38:27 +11:00:   errno: -49,
2025-11-12 20:38:27 +11:00:   syscall: 'listen',
2025-11-12 20:38:27 +11:00:   address: '0.0.185.32',
2025-11-12 20:38:27 +11:00:   port: 8080
2025-11-12 20:38:27 +11:00: }
2025-11-12 20:38:27 +11:00: Error: listen EADDRNOTAVAIL: address not available 0.0.185.32:8080
2025-11-12 20:38:27 +11:00:     at Server.setupListenHandle [as _listen2] (node:net:1886:21)
2025-11-12 20:38:27 +11:00:     at listenInCluster (node:net:1965:12)
2025-11-12 20:38:27 +11:00:     at GetAddrInfoReqWrap.doListen [as callback] (node:net:2139:7)
2025-11-12 20:38:27 +11:00:     at GetAddrInfoReqWrap.onlookup [as oncomplete] (node:dns:111:8) {
2025-11-12 20:38:27 +11:00:   code: 'EADDRNOTAVAIL',
2025-11-12 20:38:27 +11:00:   errno: -49,
2025-11-12 20:38:27 +11:00:   syscall: 'listen',
2025-11-12 20:38:27 +11:00:   address: '0.0.185.32',
2025-11-12 20:38:27 +11:00:   port: 8080
2025-11-12 20:38:27 +11:00: }
2025-11-12 20:38:27 +11:00: Error: listen EADDRNOTAVAIL: address not available 0.0.185.32:8080
2025-11-12 20:38:27 +11:00:     at Server.setupListenHandle [as _listen2] (node:net:1886:21)
2025-11-12 20:38:27 +11:00:     at listenInCluster (node:net:1965:12)
2025-11-12 20:38:27 +11:00:     at GetAddrInfoReqWrap.doListen [as callback] (node:net:2139:7)
2025-11-12 20:38:27 +11:00:     at GetAddrInfoReqWrap.onlookup [as oncomplete] (node:dns:111:8) {
2025-11-12 20:38:27 +11:00:   code: 'EADDRNOTAVAIL',
2025-11-12 20:38:27 +11:00:   errno: -49,
2025-11-12 20:38:27 +11:00:   syscall: 'listen',
2025-11-12 20:38:27 +11:00:   address: '0.0.185.32',
2025-11-12 20:38:27 +11:00:   port: 8080
2025-11-12 20:38:27 +11:00: }
2025-11-12 20:38:27 +11:00: Error: listen EADDRNOTAVAIL: address not available 0.0.185.32:8080
2025-11-12 20:38:27 +11:00:     at Server.setupListenHandle [as _listen2] (node:net:1886:21)
2025-11-12 20:38:27 +11:00:     at listenInCluster (node:net:1965:12)
2025-11-12 20:38:27 +11:00:     at GetAddrInfoReqWrap.doListen [as callback] (node:net:2139:7)
2025-11-12 20:38:27 +11:00:     at GetAddrInfoReqWrap.onlookup [as oncomplete] (node:dns:111:8) {
2025-11-12 20:38:27 +11:00:   code: 'EADDRNOTAVAIL',
2025-11-12 20:38:27 +11:00:   errno: -49,
2025-11-12 20:38:27 +11:00:   syscall: 'listen',
2025-11-12 20:38:27 +11:00:   address: '0.0.185.32',
2025-11-12 20:38:27 +11:00:   port: 8080
2025-11-12 20:38:27 +11:00: }
2025-11-12 20:39:43 +11:00: ReferenceError: require is not defined in ES module scope, you can use import instead
2025-11-12 20:39:43 +11:00: This file is being treated as an ES module because it has a '.js' file extension and '/Users/joshuaoliver/Projects/mydashboard/package.json' contains "type": "module". To treat it as a CommonJS script, rename it to use the '.cjs' file extension.
2025-11-12 20:39:43 +11:00:     at file:///Users/joshuaoliver/Projects/mydashboard/beeper-media-server.js:3:14
2025-11-12 20:39:43 +11:00:     at ModuleJob.run (node:internal/modules/esm/module_job:263:25)
2025-11-12 20:39:43 +11:00:     at async ModuleLoader.import (node:internal/modules/esm/loader:540:24)
